<?xml version="1.0" encoding="UTF-8"?>
<testng-results ignored="0" total="1" passed="1" failed="0" skipped="0">
  <reporter-output>
  </reporter-output>
  <suite started-at="2024-01-14T22:07:46 IST" name="Default suite" finished-at="2024-01-14T22:07:57 IST" duration-ms="10587">
    <groups>
    </groups>
    <test started-at="2024-01-14T22:07:46 IST" name="Default test" finished-at="2024-01-14T22:07:57 IST" duration-ms="10587">
      <class name="FlipkartLazyLoadingTest">
        <test-method is-config="true" signature="setup()[pri:0, instance:FlipkartLazyLoadingTest@593aaf41]" started-at="2024-01-14T22:07:46 IST" name="setup" finished-at="2024-01-14T22:07:50 IST" duration-ms="3128" status="PASS">
          <reporter-output>
          </reporter-output>
        </test-method> <!-- setup -->
        <test-method signature="testFlipkartSearch()[pri:0, instance:FlipkartLazyLoadingTest@593aaf41]" started-at="2024-01-14T22:07:50 IST" name="testFlipkartSearch" finished-at="2024-01-14T22:07:57 IST" duration-ms="7406" status="PASS">
          <reporter-output>
          </reporter-output>
        </test-method> <!-- testFlipkartSearch -->
        <test-method is-config="true" signature="tearDown()[pri:0, instance:FlipkartLazyLoadingTest@593aaf41]" started-at="2024-01-14T22:07:57 IST" name="tearDown" finished-at="2024-01-14T22:07:57 IST" duration-ms="0" status="PASS">
          <reporter-output>
          </reporter-output>
        </test-method> <!-- tearDown -->
      </class> <!-- FlipkartLazyLoadingTest -->
    </test> <!-- Default test -->
  </suite> <!-- Default suite -->
</testng-results>
